Arguments: 
  C:\Program Files\nodejs\node.exe C:\Program Files (x86)\Yarn\bin\yarn.js add dayjs-plugin-locale-th

PATH: 
  C:\Program Files\Git\mingw64\bin;C:\Program Files\Git\usr\bin;C:\Users\Kwang\bin;C:\Program Files\Common Files\Oracle\Java\javapath;C:\Program Files\Microsoft MPI\Bin\;C:\Program Files (x86)\Microsoft SDKs\Azure\CLI2\wbin;C:\Program Files (x86)\Common Files\Intel\Shared Libraries\redist\intel64\compiler;C:\Python27\;C:\Python27\Scripts;C:\WINDOWS\system32;C:\WINDOWS;C:\WINDOWS\System32\Wbem;C:\WINDOWS\System32\WindowsPowerShell\v1.0\;C:\WINDOWS\System32\OpenSSH\;C:\ProgramData\chocolatey\bin;C:\Program Files (x86)\Yarn\bin\;C:\Program Files (x86)\NVIDIA Corporation\PhysX\Common;C:\Program Files\Java\jdk-14.0.1\bin;C:\WINDOWS\system32;C:\WINDOWS;C:\WINDOWS\System32\Wbem;C:\WINDOWS\System32\WindowsPowerShell\v1.0\;C:\WINDOWS\System32\OpenSSH\;C:\Program Files (x86)\Gpg4win\..\GnuPG\bin;C:\Program Files (x86)\Microsoft SQL Server\150\Tools\Binn\;C:\Program Files\Microsoft SQL Server\150\Tools\Binn\;C:\Program Files (x86)\Microsoft SQL Server\150\DTS\Binn\;C:\Program Files\Microsoft SQL Server\150\DTS\Binn\;C:\Program Files\Microsoft SQL Server\Client SDK\ODBC\170\Tools\Binn\;C:\Program Files\Azure Data Studio\bin;C:\Program Files\Docker\Docker\resources\bin;C:\ProgramData\DockerDesktop\version-bin;C:\Program Files\nodejs\;C:\Program Files\NVIDIA Corporation\NVIDIA NvDLISR;C:\Program Files\CMake\bin;C:\Program Files\Intel\Intel(R) Memory and Storage Tool\;C:\Users\Kwang\AppData\Local\Microsoft\WindowsApps;C:\Users\Kwang\AppData\Local\Yarn\bin;C:\Program Files\PostgreSQL\12\bin;C:\Program Files\PostgreSQL\12\lib;D:\Flutter\bin;D:\Android\tools;$ANDROID_HOME%\platform-tools;C:\Users\Kwang\AppData\Local\Microsoft\WindowsApps;C:\Users\Kwang\AppData\Local\gitkraken\bin;C:\Program Files\Git\bin;C:\Program Files\Azure Data Studio\bin;C:\Users\Kwang\AppData\Local\Programs\Microsoft VS Code\bin;C:\Users\Kwang\AppData\Roaming\npm

Yarn version: 
  1.22.0

Node version: 
  16.15.1

Platform: 
  win32 x64

Trace: 
  Error: https://registry.yarnpkg.com/dayjs-plugin-locale-th: Not found
      at Request.params.callback [as _callback] (C:\Program Files (x86)\Yarn\lib\cli.js:66084:18)
      at Request.self.callback (C:\Program Files (x86)\Yarn\lib\cli.js:140727:22)
      at Request.emit (node:events:527:28)
      at Request.<anonymous> (C:\Program Files (x86)\Yarn\lib\cli.js:141699:10)
      at Request.emit (node:events:527:28)
      at IncomingMessage.<anonymous> (C:\Program Files (x86)\Yarn\lib\cli.js:141621:12)
      at Object.onceWrapper (node:events:641:28)
      at IncomingMessage.emit (node:events:539:35)
      at endReadableNT (node:internal/streams/readable:1345:12)
      at processTicksAndRejections (node:internal/process/task_queues:83:21)

npm manifest: 
  {
    "name": "@cortex-factory/shift-schedule",
    "version": "0.0.150",
    "main": "index.js",
    "scripts": {
      "build": "tsc"
    },
    "repository": {
      "type": "git"
    },
    "keywords": [
      "Cortex-UI"
    ],
    "author": "Punyarit",
    "license": "H Lab Co., Ltd.",
    "files": [
      "build"
    ],
    "dependencies": {
      "@cortex-ui/core": "0.0.253",
      "@cortex-ui/fonts": "^1.0.0",
      "@cortex-ui/icons": "^1.0.6",
      "@lit-labs/react": "^1.1.1",
      "@lit-labs/virtualizer": "^1.0.1",
      "@types/react": "^18.0.27",
      "dayjs": "^1.11.8",
      "lit": "^2.6.1"
    }
  }

yarn manifest: 
  No manifest

Lockfile: 
  # THIS IS AN AUTOGENERATED FILE. DO NOT EDIT THIS FILE DIRECTLY.
  # yarn lockfile v1
  
  
  "@cortex-ui/core@0.0.253":
    version "0.0.253"
    resolved "https://registry.yarnpkg.com/@cortex-ui/core/-/core-0.0.253.tgz#a57afcfaae38974439ad8f36b03e90817565247c"
    integrity sha512-642noN8XnnWD9NK/ipEtIIYsp03k5OAXPsr4BLVEVxfA/zdAzkM1KtI8AnZ7zH4u+Ng/VN56vkgr7Dhs2JKoVg==
    dependencies:
      "@types/react" "^18.0.27"
      lit "^2.6.1"
  
  "@cortex-ui/fonts@^1.0.0":
    version "1.0.0"
    resolved "https://registry.yarnpkg.com/@cortex-ui/fonts/-/fonts-1.0.0.tgz#72c6749b6591c5698401114c9c88ffb639ba0021"
    integrity sha512-ck+6Xg6aK0uL/Eu7oJovduECPgJQHE6xQM7GWARQqByKt4oi8wFZAM+ow0W8xqr8Zd7PnRyD940ea4VLelBxEA==
  
  "@cortex-ui/icons@^1.0.6":
    version "1.0.6"
    resolved "https://registry.yarnpkg.com/@cortex-ui/icons/-/icons-1.0.6.tgz#87f57857c3727a6200090c72ce3b9a14a3fab552"
    integrity sha512-CKf5/4gzYgnzwDnvvFE1WzCkFtKCIdjfLQy+nLZajaHqQSgnnnQ3o+0NG162ygYtM3vVSOobXwFoLrbqCkR7wg==
  
  "@lit-labs/react@^1.1.1":
    version "1.1.1"
    resolved "https://registry.yarnpkg.com/@lit-labs/react/-/react-1.1.1.tgz#88a4320d357dcdfd7c7e276f809e3453a124cbbc"
    integrity sha512-9TC+/ZWb6BJlWCyUr14FKFlaGnyKpeEDorufXozQgke/VoVrslUQNaL7nBmrAWdNrmzx5jWgi8lFmWwrxMjnlA==
  
  "@lit-labs/ssr-dom-shim@^1.0.0":
    version "1.0.0"
    resolved "https://registry.yarnpkg.com/@lit-labs/ssr-dom-shim/-/ssr-dom-shim-1.0.0.tgz#427e19a2765681fd83411cd72c55ba80a01e0523"
    integrity sha512-ic93MBXfApIFTrup4a70M/+ddD8xdt2zxxj9sRwHQzhS9ag/syqkD8JPdTXsc1gUy2K8TTirhlCqyTEM/sifNw==
  
  "@lit-labs/virtualizer@^1.0.1":
    version "1.0.1"
    resolved "https://registry.yarnpkg.com/@lit-labs/virtualizer/-/virtualizer-1.0.1.tgz#10c5c849b062ca808dc4dadae8f58632445ee79d"
    integrity sha512-olFX5cVVj0HeVpiEMjylX+sOXFsDpE/SCDrgw63/lBMrrnyP9PIFH0zcZrG0DvuAmCCPaanPybK59Iu7cOe/VA==
    dependencies:
      event-target-shim "^6.0.2"
      lit "^2.5.0"
      tslib "^2.0.3"
  
  "@lit/reactive-element@^1.3.0", "@lit/reactive-element@^1.6.0":
    version "1.6.1"
    resolved "https://registry.yarnpkg.com/@lit/reactive-element/-/reactive-element-1.6.1.tgz#0d958b6d479d0e3db5fc1132ecc4fa84be3f0b93"
    integrity sha512-va15kYZr7KZNNPZdxONGQzpUr+4sxVu7V/VG7a8mRfPPXUyhEYj5RzXCQmGrlP3tAh0L3HHm5AjBMFYRqlM9SA==
    dependencies:
      "@lit-labs/ssr-dom-shim" "^1.0.0"
  
  "@types/prop-types@*":
    version "15.7.5"
    resolved "https://registry.yarnpkg.com/@types/prop-types/-/prop-types-15.7.5.tgz#5f19d2b85a98e9558036f6a3cacc8819420f05cf"
    integrity sha512-JCB8C6SnDoQf0cNycqd/35A7MjcnK+ZTqE7judS6o7utxUCg6imJg3QK2qzHKszlTjcj2cn+NwMB2i96ubpj7w==
  
  "@types/react@^18.0.27":
    version "18.0.28"
    resolved "https://registry.yarnpkg.com/@types/react/-/react-18.0.28.tgz#accaeb8b86f4908057ad629a26635fe641480065"
    integrity sha512-RD0ivG1kEztNBdoAK7lekI9M+azSnitIn85h4iOiaLjaTrMjzslhaqCGaI4IyCJ1RljWiLCEu4jyrLLgqxBTew==
    dependencies:
      "@types/prop-types" "*"
      "@types/scheduler" "*"
      csstype "^3.0.2"
  
  "@types/scheduler@*":
    version "0.16.2"
    resolved "https://registry.yarnpkg.com/@types/scheduler/-/scheduler-0.16.2.tgz#1a62f89525723dde24ba1b01b092bf5df8ad4d39"
    integrity sha512-hppQEBDmlwhFAXKJX2KnWLYu5yMfi91yazPb2l+lbJiwW+wdo1gNeRA+3RgNSO39WYX2euey41KEwnqesU2Jew==
  
  "@types/trusted-types@^2.0.2":
    version "2.0.3"
    resolved "https://registry.yarnpkg.com/@types/trusted-types/-/trusted-types-2.0.3.tgz#a136f83b0758698df454e328759dbd3d44555311"
    integrity sha512-NfQ4gyz38SL8sDNrSixxU2Os1a5xcdFxipAFxYEuLUlvU2uDwS4NUpsImcf1//SlWItCVMMLiylsxbmNMToV/g==
  
  csstype@^3.0.2:
    version "3.1.1"
    resolved "https://registry.yarnpkg.com/csstype/-/csstype-3.1.1.tgz#841b532c45c758ee546a11d5bd7b7b473c8c30b9"
    integrity sha512-DJR/VvkAvSZW9bTouZue2sSxDwdTN92uHjqeKVm+0dAqdfNykRzQ95tay8aXMBAAPpUiq4Qcug2L7neoRh2Egw==
  
  dayjs@^1.11.8:
    version "1.11.8"
    resolved "https://registry.yarnpkg.com/dayjs/-/dayjs-1.11.8.tgz#4282f139c8c19dd6d0c7bd571e30c2d0ba7698ea"
    integrity sha512-LcgxzFoWMEPO7ggRv1Y2N31hUf2R0Vj7fuy/m+Bg1K8rr+KAs1AEy4y9jd5DXe8pbHgX+srkHNS7TH6Q6ZhYeQ==
  
  event-target-shim@^6.0.2:
    version "6.0.2"
    resolved "https://registry.yarnpkg.com/event-target-shim/-/event-target-shim-6.0.2.tgz#ea5348c3618ee8b62ff1d344f01908ee2b8a2b71"
    integrity sha512-8q3LsZjRezbFZ2PN+uP+Q7pnHUMmAOziU2vA2OwoFaKIXxlxl38IylhSSgUorWu/rf4er67w0ikBqjBFk/pomA==
  
  lit-element@^3.2.0:
    version "3.2.2"
    resolved "https://registry.yarnpkg.com/lit-element/-/lit-element-3.2.2.tgz#d148ab6bf4c53a33f707a5168e087725499e5f2b"
    integrity sha512-6ZgxBR9KNroqKb6+htkyBwD90XGRiqKDHVrW/Eh0EZ+l+iC+u+v+w3/BA5NGi4nizAVHGYvQBHUDuSmLjPp7NQ==
    dependencies:
      "@lit/reactive-element" "^1.3.0"
      lit-html "^2.2.0"
  
  lit-html@^2.2.0, lit-html@^2.6.0:
    version "2.6.1"
    resolved "https://registry.yarnpkg.com/lit-html/-/lit-html-2.6.1.tgz#eb29f0b0c2ab54ea77379db11fc011b0c71f1cda"
    integrity sha512-Z3iw+E+3KKFn9t2YKNjsXNEu/LRLI98mtH/C6lnFg7kvaqPIzPn124Yd4eT/43lyqrejpc5Wb6BHq3fdv4S8Rw==
    dependencies:
      "@types/trusted-types" "^2.0.2"
  
  lit@^2.5.0, lit@^2.6.1:
    version "2.6.1"
    resolved "https://registry.yarnpkg.com/lit/-/lit-2.6.1.tgz#5951a2098b9bde5b328c73b55c15fdc0eefd96d7"
    integrity sha512-DT87LD64f8acR7uVp7kZfhLRrHkfC/N4BVzAtnw9Yg8087mbBJ//qedwdwX0kzDbxgPccWRW6mFwGbRQIxy0pw==
    dependencies:
      "@lit/reactive-element" "^1.6.0"
      lit-element "^3.2.0"
      lit-html "^2.6.0"
  
  tslib@^2.0.3:
    version "2.5.0"
    resolved "https://registry.yarnpkg.com/tslib/-/tslib-2.5.0.tgz#42bfed86f5787aeb41d031866c8f402429e0fddf"
    integrity sha512-336iVw3rtn2BUK7ORdIAHTyxHGRIHVReokCR3XjbckJMK7ms8FysBfhLR8IXnAgy7T0PTPNBWKiH514FOW/WSg==
